19:00:11.924 [main] INFO  testCases.TC02_AccountLoginUsingDataProvider - ***** STarting TC02_AccountLoginUsingDataProvider  *****
19:00:12.212 [main] INFO  testCases.TC02_AccountLoginUsingDataProvider - ***** hovered on Account  *****
19:00:13.371 [main] INFO  testCases.TC02_AccountLoginUsingDataProvider - ***** clicked on signIn  *****
19:00:17.379 [main] INFO  testCases.TC02_AccountLoginUsingDataProvider - ***** Started  Login  *****
19:00:19.478 [main] INFO  testCases.TC02_AccountLoginUsingDataProvider - ***** Logged in  *****
19:00:19.479 [main] INFO  testCases.TC02_AccountLoginUsingDataProvider - ***** validating Expected message  *****
19:02:08.988 [main] INFO  testCases.TC01_AccountLoginTest - ***** STarting TC_01_Verify_Account_Registartion  *****
19:02:09.309 [main] INFO  testCases.TC01_AccountLoginTest - ***** hovered on Account  *****
19:02:10.269 [main] INFO  testCases.TC01_AccountLoginTest - ***** clicked on signIn  *****
19:02:14.292 [main] INFO  testCases.TC01_AccountLoginTest - ***** Started  Login  *****
19:02:15.669 [main] INFO  testCases.TC01_AccountLoginTest - ***** Logged in  *****
19:02:15.670 [main] INFO  testCases.TC01_AccountLoginTest - ***** validating Expected message  *****
19:02:18.247 [main] INFO  testCases.TC01_AccountLoginTest - ***** Finished  *****
19:10:34.449 [main] INFO  testCases.TC01_AccountLoginTest - ***** STarting TC_01_Verify_Account_Registartion  *****
19:10:35.469 [main] INFO  testCases.TC01_AccountLoginTest - ***** hovered on Account  *****
19:10:37.558 [main] INFO  testCases.TC01_AccountLoginTest - ***** clicked on signIn  *****
19:10:41.577 [main] INFO  testCases.TC01_AccountLoginTest - ***** Started  Login  *****
19:10:43.054 [main] INFO  testCases.TC01_AccountLoginTest - ***** Logged in  *****
19:10:43.055 [main] INFO  testCases.TC01_AccountLoginTest - ***** validating Expected message  *****
19:10:46.132 [main] INFO  testCases.TC01_AccountLoginTest - ***** Finished  *****
