15:41:22.845 [main] INFO  testCases.TC01_AccountLoginTest - ***** STarting TC_01_Verify_Account_Registartion  *****
15:41:23.600 [main] INFO  testCases.TC01_AccountLoginTest - ***** hovered on Account  *****
15:41:25.366 [main] INFO  testCases.TC01_AccountLoginTest - ***** clicked on signIn  *****
15:41:29.382 [main] INFO  testCases.TC01_AccountLoginTest - ***** Started  Login  *****
15:41:30.765 [main] INFO  testCases.TC01_AccountLoginTest - ***** Logged in  *****
15:41:30.765 [main] INFO  testCases.TC01_AccountLoginTest - ***** validating Expected message  *****
15:42:44.228 [main] INFO  org.testng.internal.Utils - [TestNG] Running:
  C:\WorkSpace\2025\Selenium\OpenCartV1.2\master.xml

15:42:47.545 [main] INFO  testCases.TC01_AccountLoginTest - ***** STarting TC_01_Verify_Account_Registartion  *****
15:42:47.890 [main] INFO  testCases.TC01_AccountLoginTest - ***** hovered on Account  *****
15:42:48.891 [main] INFO  testCases.TC01_AccountLoginTest - ***** clicked on signIn  *****
15:42:52.904 [main] INFO  testCases.TC01_AccountLoginTest - ***** Started  Login  *****
15:42:54.250 [main] INFO  testCases.TC01_AccountLoginTest - ***** Logged in  *****
15:42:54.250 [main] INFO  testCases.TC01_AccountLoginTest - ***** validating Expected message  *****
15:45:45.516 [main] INFO  org.testng.internal.Utils - [TestNG] Running:
  C:\WorkSpace\2025\Selenium\OpenCartV1.2\master.xml

15:45:49.031 [main] INFO  testCases.TC01_AccountLoginTest - ***** STarting TC_01_Verify_Account_Registartion  *****
15:45:49.412 [main] INFO  testCases.TC01_AccountLoginTest - ***** hovered on Account  *****
15:45:50.230 [main] INFO  testCases.TC01_AccountLoginTest - ***** clicked on signIn  *****
15:45:54.250 [main] INFO  testCases.TC01_AccountLoginTest - ***** Started  Login  *****
15:45:55.595 [main] INFO  testCases.TC01_AccountLoginTest - ***** Logged in  *****
15:45:55.596 [main] INFO  testCases.TC01_AccountLoginTest - ***** validating Expected message  *****
15:50:26.263 [main] INFO  org.testng.internal.Utils - [TestNG] Running:
  C:\WorkSpace\2025\Selenium\OpenCartV1.2\master.xml

15:50:31.258 [main] INFO  testCases.TC01_AccountLoginTest - ***** STarting TC_01_Verify_Account_Registartion  *****
15:50:31.699 [main] INFO  testCases.TC01_AccountLoginTest - ***** hovered on Account  *****
15:50:32.913 [main] INFO  testCases.TC01_AccountLoginTest - ***** clicked on signIn  *****
15:50:36.919 [main] INFO  testCases.TC01_AccountLoginTest - ***** Started  Login  *****
15:50:38.531 [main] INFO  testCases.TC01_AccountLoginTest - ***** Logged in  *****
15:50:38.531 [main] INFO  testCases.TC01_AccountLoginTest - ***** validating Expected message  *****
15:52:21.619 [main] INFO  org.testng.internal.Utils - [TestNG] Running:
  C:\WorkSpace\2025\Selenium\OpenCartV1.2\master.xml

15:52:31.014 [main] INFO  testCases.TC01_AccountLoginTest - ***** STarting TC_01_Verify_Account_Registartion  *****
15:52:31.406 [main] INFO  testCases.TC01_AccountLoginTest - ***** hovered on Account  *****
15:52:32.393 [main] INFO  testCases.TC01_AccountLoginTest - ***** clicked on signIn  *****
15:52:36.409 [main] INFO  testCases.TC01_AccountLoginTest - ***** Started  Login  *****
15:52:38.060 [main] INFO  testCases.TC01_AccountLoginTest - ***** Logged in  *****
15:52:38.060 [main] INFO  testCases.TC01_AccountLoginTest - ***** validating Expected message  *****
15:55:13.162 [main] INFO  org.testng.internal.Utils - [TestNG] Running:
  C:\WorkSpace\2025\Selenium\OpenCartV1.2\master.xml

15:55:21.340 [main] INFO  testCases.TC01_AccountLoginTest - ***** STarting TC_01_Verify_Account_Registartion  *****
15:55:21.668 [main] INFO  testCases.TC01_AccountLoginTest - ***** hovered on Account  *****
15:55:22.608 [main] INFO  testCases.TC01_AccountLoginTest - ***** clicked on signIn  *****
15:55:26.623 [main] INFO  testCases.TC01_AccountLoginTest - ***** Started  Login  *****
15:55:28.753 [main] INFO  testCases.TC01_AccountLoginTest - ***** Logged in  *****
15:55:28.754 [main] INFO  testCases.TC01_AccountLoginTest - ***** validating Expected message  *****
15:57:43.768 [main] INFO  org.testng.internal.Utils - [TestNG] Running:
  C:\WorkSpace\2025\Selenium\OpenCartV1.2\master.xml

15:58:32.125 [main] INFO  testCases.TC01_AccountLoginTest - ***** STarting TC_01_Verify_Account_Registartion  *****
15:58:59.956 [main] INFO  org.testng.internal.Utils - [TestNG] Running:
  C:\WorkSpace\2025\Selenium\OpenCartV1.2\master.xml

15:59:06.103 [main] INFO  testCases.TC01_AccountLoginTest - ***** STarting TC_01_Verify_Account_Registartion  *****
15:59:06.481 [main] INFO  testCases.TC01_AccountLoginTest - ***** hovered on Account  *****
15:59:07.314 [main] INFO  testCases.TC01_AccountLoginTest - ***** clicked on signIn  *****
15:59:11.331 [main] INFO  testCases.TC01_AccountLoginTest - ***** Started  Login  *****
15:59:13.066 [main] INFO  testCases.TC01_AccountLoginTest - ***** Logged in  *****
15:59:13.066 [main] INFO  testCases.TC01_AccountLoginTest - ***** validating Expected message  *****
